 
Ansys Electronics Desktop Version 2025.1.0, Build: 2024-11-30 15:03:33
Location: C:\Program Files\ANSYS Inc\v251\AnsysEM\ansysedt.exe
Non Graphical Mode: No Project??
Starting Batch Run: 2:46:38 PM  Oct 17, 2025
Running as user : ANSYS\mlin
Temp directory: C:\Users\mlin\AppData\Local\Temp
Project directory: D:\OneDrive - ANSYS, Inc\Documents\Ansoft
[info] GRPC server running on port: 56049.

[info] Project:Galileo_G87173_204, Design:Galileo_G87173_204, siwave_ng 2025 R1 (Built: Nov 30 2024 15:51:52) (02:47:02 PM  Oct 17, 2025)
[warning] Project:Galileo_G87173_204, Design:Galileo_G87173_204, ignoring differential net definition "DP_M_CLK0"; both + and - net names are empty.  (02:47:03 PM  Oct 17, 2025)
[warning] Project:Galileo_G87173_204, Design:Galileo_G87173_204, ignoring differential net definition "DP_PCIE0_RX0"; both + and - net names are empty.  (02:47:03 PM  Oct 17, 2025)
[warning] Project:Galileo_G87173_204, Design:Galileo_G87173_204, ignoring differential net definition "DP_PCIE0_TX0"; both + and - net names are empty.  (02:47:03 PM  Oct 17, 2025)
[warning] Project:Galileo_G87173_204, Design:Galileo_G87173_204, ignoring differential net definition "DP_REF1"; both + and - net names are empty.  (02:47:03 PM  Oct 17, 2025)
[warning] Project:Galileo_G87173_204, Design:Galileo_G87173_204, ignoring differential net definition "DP_REFCLK0"; both + and - net names are empty.  (02:47:03 PM  Oct 17, 2025)
[warning] Project:Galileo_G87173_204, Design:Galileo_G87173_204, ignoring differential net definition "DP_RMII_S0_RD"; both + and - net names are empty.  (02:47:03 PM  Oct 17, 2025)
[warning] Project:Galileo_G87173_204, Design:Galileo_G87173_204, ignoring differential net definition "DP_RMII_S0_TD"; both + and - net names are empty.  (02:47:03 PM  Oct 17, 2025)
[warning] Project:Galileo_G87173_204, Design:Galileo_G87173_204, ignoring differential net definition "DP_RSVD1"; both + and - net names are empty.  (02:47:03 PM  Oct 17, 2025)
[warning] Project:Galileo_G87173_204, Design:Galileo_G87173_204, ignoring differential net definition "DP_RSVD2"; both + and - net names are empty.  (02:47:03 PM  Oct 17, 2025)
[warning] Project:Galileo_G87173_204, Design:Galileo_G87173_204, ignoring differential net definition "DP_RSVD3"; both + and - net names are empty.  (02:47:03 PM  Oct 17, 2025)
[warning] Project:Galileo_G87173_204, Design:Galileo_G87173_204, ignoring differential net definition "DP_RSVD4"; both + and - net names are empty.  (02:47:03 PM  Oct 17, 2025)
[warning] Project:Galileo_G87173_204, Design:Galileo_G87173_204, ignoring differential net definition "DP_RSVD5"; both + and - net names are empty.  (02:47:03 PM  Oct 17, 2025)
[warning] Project:Galileo_G87173_204, Design:Galileo_G87173_204, ignoring differential net definition "DP_USBH0_D"; both + and - net names are empty.  (02:47:03 PM  Oct 17, 2025)
[warning] Project:Galileo_G87173_204, Design:Galileo_G87173_204, ignoring differential net definition "DP_USBH0_D_CH"; both + and - net names are empty.  (02:47:03 PM  Oct 17, 2025)
[warning] Project:Galileo_G87173_204, Design:Galileo_G87173_204, ignoring differential net definition "DP_USBH1_D"; both + and - net names are empty.  (02:47:03 PM  Oct 17, 2025)
[warning] Project:Galileo_G87173_204, Design:Galileo_G87173_204, ignoring differential net definition "DP_USBH2_D"; both + and - net names are empty.  (02:47:03 PM  Oct 17, 2025)
[warning] Project:Galileo_G87173_204, Design:Galileo_G87173_204, ignoring differential net definition "DP_USBH2_D_CH"; both + and - net names are empty.  (02:47:03 PM  Oct 17, 2025)
[info] Project:Galileo_G87173_204, Design:Galileo_G87173_204, Simulation "sweep_CCK368" started on host AAPVHWVMVEUGTEC at Fri Oct 17 14:47:03 2025 (02:47:04 PM  Oct 17, 2025)
[info] Project:Galileo_G87173_204, Design:Galileo_G87173_204, [Simulation Directory]: "C:/Users/mlin/AppData/Local/Temp/ens_temp_21000.pjt/" (02:47:04 PM  Oct 17, 2025)
[warning] Project:Galileo_G87173_204, Design:Galileo_G87173_204, Dielectric layer "UNNAMED_000" has a thickness of 0 mm and will be ignored (02:47:04 PM  Oct 17, 2025)
[warning] Project:Galileo_G87173_204, Design:Galileo_G87173_204, Dielectric layer "UNNAMED_012" has a thickness of 0 mm and will be ignored (02:47:04 PM  Oct 17, 2025)
[info] Project:Galileo_G87173_204, Design:Galileo_G87173_204, GND (02:47:04 PM  Oct 17, 2025)
[info] Project:Galileo_G87173_204, Design:Galileo_G87173_204, M_DQ<0> (02:47:04 PM  Oct 17, 2025)
[info] Project:Galileo_G87173_204, Design:Galileo_G87173_204, M_DQ<1> (02:47:04 PM  Oct 17, 2025)
[info] Project:Galileo_G87173_204, Design:Galileo_G87173_204, M_DQ<2> (02:47:04 PM  Oct 17, 2025)
[info] Project:Galileo_G87173_204, Design:Galileo_G87173_204, M_DQ<3> (02:47:04 PM  Oct 17, 2025)
[info] Project:Galileo_G87173_204, Design:Galileo_G87173_204, M_DQ<4> (02:47:04 PM  Oct 17, 2025)
[info] Project:Galileo_G87173_204, Design:Galileo_G87173_204, M_DQ<5> (02:47:04 PM  Oct 17, 2025)
[info] Project:Galileo_G87173_204, Design:Galileo_G87173_204, M_DQ<6> (02:47:04 PM  Oct 17, 2025)
[info] Project:Galileo_G87173_204, Design:Galileo_G87173_204, M_DQ<7> (02:47:04 PM  Oct 17, 2025)
[info] Project:Galileo_G87173_204, Design:Galileo_G87173_204, M_DQ<8> (02:47:04 PM  Oct 17, 2025)
[info] Project:Galileo_G87173_204, Design:Galileo_G87173_204, M_DQ<9> (02:47:04 PM  Oct 17, 2025)
[info] Project:Galileo_G87173_204, Design:Galileo_G87173_204, M_DQ<10> (02:47:04 PM  Oct 17, 2025)
[info] Project:Galileo_G87173_204, Design:Galileo_G87173_204, M_DQ<11> (02:47:04 PM  Oct 17, 2025)
[info] Project:Galileo_G87173_204, Design:Galileo_G87173_204, M_DQ<12> (02:47:04 PM  Oct 17, 2025)
[info] Project:Galileo_G87173_204, Design:Galileo_G87173_204, M_DQ<13> (02:47:04 PM  Oct 17, 2025)
[info] Project:Galileo_G87173_204, Design:Galileo_G87173_204, M_DQ<14> (02:47:04 PM  Oct 17, 2025)
[info] Project:Galileo_G87173_204, Design:Galileo_G87173_204, M_DQ<15> (02:47:04 PM  Oct 17, 2025)
[info] Project:Galileo_G87173_204, Design:Galileo_G87173_204, M_DQS<0> (02:47:04 PM  Oct 17, 2025)
[info] Project:Galileo_G87173_204, Design:Galileo_G87173_204, M_DQS<1> (02:47:04 PM  Oct 17, 2025)
[info] Project:Galileo_G87173_204, Design:Galileo_G87173_204, M_DQS_N<0> (02:47:04 PM  Oct 17, 2025)
[info] Project:Galileo_G87173_204, Design:Galileo_G87173_204, M_DQS_N<1> (02:47:04 PM  Oct 17, 2025)
[info] Project:Galileo_G87173_204, Design:Galileo_G87173_204, SYZ solver completed with return code 0 (02:47:13 PM  Oct 17, 2025)
[info] Project:Galileo_G87173_204, Design:Galileo_G87173_204, Simulation "sweep_CCK368" completed on host AAPVHWVMVEUGTEC at Fri Oct 17 14:47:13 2025 (02:47:13 PM  Oct 17, 2025)
[info] Project:Galileo_G87173_204, Design:Galileo_G87173_204, Saved "C:/Users/mlin/AppData/Local/Temp/ens_temp_21000.pjt/Galileo_G87173_204.siw" (02:47:13 PM  Oct 17, 2025)
[info] Project:Galileo_G87173_204, Design:Galileo_G87173_204, Touchstone export: Writing to "D:/OneDrive - ANSYS, Inc/a-client-repositories/lmz-siwave-SI-2025-10-17/test/Galileo_G87173_204.aedtexport/Galileo_G87173_204/Siwave_SYZ_FPD0AV_ts_2025_10_17_下午_02_46_53/sweep_CCK368_DV3.s40p" (02:47:18 PM  Oct 17, 2025)
Stopping Batch Run: 2:47:24 PM  Oct 17, 2025
 
Ansys Electronics Desktop Version 2025.1.0, Build: 2024-11-30 15:03:33
Location: C:\Program Files\ANSYS Inc\v251\AnsysEM\ansysedt.exe
Non Graphical Mode: No Project??
Starting Batch Run: 4:06:16 PM  Oct 17, 2025
Running as user : ANSYS\mlin
Temp directory: C:\Users\mlin\AppData\Local\Temp
Project directory: D:\OneDrive - ANSYS, Inc\Documents\Ansoft
[info] GRPC server running on port: 64505.

[info] Project:Galileo_G87173_204, Design:Galileo_G87173_204, siwave_ng 2025 R1 (Built: Nov 30 2024 15:51:52) (04:06:37 PM  Oct 17, 2025)
[warning] Project:Galileo_G87173_204, Design:Galileo_G87173_204, ignoring differential net definition "DP_M_CLK0"; both + and - net names are empty.  (04:06:38 PM  Oct 17, 2025)
[warning] Project:Galileo_G87173_204, Design:Galileo_G87173_204, ignoring differential net definition "DP_PCIE0_RX0"; both + and - net names are empty.  (04:06:38 PM  Oct 17, 2025)
[warning] Project:Galileo_G87173_204, Design:Galileo_G87173_204, ignoring differential net definition "DP_PCIE0_TX0"; both + and - net names are empty.  (04:06:38 PM  Oct 17, 2025)
[warning] Project:Galileo_G87173_204, Design:Galileo_G87173_204, ignoring differential net definition "DP_REF1"; both + and - net names are empty.  (04:06:38 PM  Oct 17, 2025)
[warning] Project:Galileo_G87173_204, Design:Galileo_G87173_204, ignoring differential net definition "DP_REFCLK0"; both + and - net names are empty.  (04:06:38 PM  Oct 17, 2025)
[warning] Project:Galileo_G87173_204, Design:Galileo_G87173_204, ignoring differential net definition "DP_RMII_S0_RD"; both + and - net names are empty.  (04:06:38 PM  Oct 17, 2025)
[warning] Project:Galileo_G87173_204, Design:Galileo_G87173_204, ignoring differential net definition "DP_RMII_S0_TD"; both + and - net names are empty.  (04:06:38 PM  Oct 17, 2025)
[warning] Project:Galileo_G87173_204, Design:Galileo_G87173_204, ignoring differential net definition "DP_RSVD1"; both + and - net names are empty.  (04:06:38 PM  Oct 17, 2025)
[warning] Project:Galileo_G87173_204, Design:Galileo_G87173_204, ignoring differential net definition "DP_RSVD2"; both + and - net names are empty.  (04:06:38 PM  Oct 17, 2025)
[warning] Project:Galileo_G87173_204, Design:Galileo_G87173_204, ignoring differential net definition "DP_RSVD3"; both + and - net names are empty.  (04:06:38 PM  Oct 17, 2025)
[warning] Project:Galileo_G87173_204, Design:Galileo_G87173_204, ignoring differential net definition "DP_RSVD4"; both + and - net names are empty.  (04:06:38 PM  Oct 17, 2025)
[warning] Project:Galileo_G87173_204, Design:Galileo_G87173_204, ignoring differential net definition "DP_RSVD5"; both + and - net names are empty.  (04:06:38 PM  Oct 17, 2025)
[warning] Project:Galileo_G87173_204, Design:Galileo_G87173_204, ignoring differential net definition "DP_USBH0_D"; both + and - net names are empty.  (04:06:38 PM  Oct 17, 2025)
[warning] Project:Galileo_G87173_204, Design:Galileo_G87173_204, ignoring differential net definition "DP_USBH0_D_CH"; both + and - net names are empty.  (04:06:38 PM  Oct 17, 2025)
[warning] Project:Galileo_G87173_204, Design:Galileo_G87173_204, ignoring differential net definition "DP_USBH1_D"; both + and - net names are empty.  (04:06:38 PM  Oct 17, 2025)
[warning] Project:Galileo_G87173_204, Design:Galileo_G87173_204, ignoring differential net definition "DP_USBH2_D"; both + and - net names are empty.  (04:06:38 PM  Oct 17, 2025)
[warning] Project:Galileo_G87173_204, Design:Galileo_G87173_204, ignoring differential net definition "DP_USBH2_D_CH"; both + and - net names are empty.  (04:06:38 PM  Oct 17, 2025)
[info] Project:Galileo_G87173_204, Design:Galileo_G87173_204, Simulation "sweep_X80FST" started on host AAPVHWVMVEUGTEC at Fri Oct 17 16:06:38 2025 (04:06:38 PM  Oct 17, 2025)
[info] Project:Galileo_G87173_204, Design:Galileo_G87173_204, [Simulation Directory]: "C:/Users/mlin/AppData/Local/Temp/ens_temp_23684.pjt/" (04:06:38 PM  Oct 17, 2025)
[warning] Project:Galileo_G87173_204, Design:Galileo_G87173_204, Dielectric layer "UNNAMED_000" has a thickness of 0 mm and will be ignored (04:06:38 PM  Oct 17, 2025)
[warning] Project:Galileo_G87173_204, Design:Galileo_G87173_204, Dielectric layer "UNNAMED_012" has a thickness of 0 mm and will be ignored (04:06:38 PM  Oct 17, 2025)
[info] Project:Galileo_G87173_204, Design:Galileo_G87173_204, GND (04:06:38 PM  Oct 17, 2025)
[info] Project:Galileo_G87173_204, Design:Galileo_G87173_204, M_DQ<0> (04:06:38 PM  Oct 17, 2025)
[info] Project:Galileo_G87173_204, Design:Galileo_G87173_204, M_DQ<1> (04:06:38 PM  Oct 17, 2025)
[info] Project:Galileo_G87173_204, Design:Galileo_G87173_204, M_DQ<2> (04:06:38 PM  Oct 17, 2025)
[info] Project:Galileo_G87173_204, Design:Galileo_G87173_204, M_DQ<3> (04:06:38 PM  Oct 17, 2025)
[info] Project:Galileo_G87173_204, Design:Galileo_G87173_204, M_DQ<4> (04:06:38 PM  Oct 17, 2025)
[info] Project:Galileo_G87173_204, Design:Galileo_G87173_204, M_DQ<5> (04:06:38 PM  Oct 17, 2025)
[info] Project:Galileo_G87173_204, Design:Galileo_G87173_204, M_DQ<6> (04:06:38 PM  Oct 17, 2025)
[info] Project:Galileo_G87173_204, Design:Galileo_G87173_204, M_DQ<7> (04:06:38 PM  Oct 17, 2025)
[info] Project:Galileo_G87173_204, Design:Galileo_G87173_204, M_DQ<8> (04:06:38 PM  Oct 17, 2025)
[info] Project:Galileo_G87173_204, Design:Galileo_G87173_204, M_DQ<9> (04:06:38 PM  Oct 17, 2025)
[info] Project:Galileo_G87173_204, Design:Galileo_G87173_204, M_DQ<10> (04:06:38 PM  Oct 17, 2025)
[info] Project:Galileo_G87173_204, Design:Galileo_G87173_204, M_DQ<11> (04:06:38 PM  Oct 17, 2025)
[info] Project:Galileo_G87173_204, Design:Galileo_G87173_204, M_DQ<12> (04:06:38 PM  Oct 17, 2025)
[info] Project:Galileo_G87173_204, Design:Galileo_G87173_204, M_DQ<13> (04:06:38 PM  Oct 17, 2025)
[info] Project:Galileo_G87173_204, Design:Galileo_G87173_204, M_DQ<14> (04:06:38 PM  Oct 17, 2025)
[info] Project:Galileo_G87173_204, Design:Galileo_G87173_204, M_DQ<15> (04:06:38 PM  Oct 17, 2025)
[info] Project:Galileo_G87173_204, Design:Galileo_G87173_204, M_DQS<0> (04:06:38 PM  Oct 17, 2025)
[info] Project:Galileo_G87173_204, Design:Galileo_G87173_204, M_DQS<1> (04:06:38 PM  Oct 17, 2025)
[info] Project:Galileo_G87173_204, Design:Galileo_G87173_204, M_DQS_N<0> (04:06:38 PM  Oct 17, 2025)
[info] Project:Galileo_G87173_204, Design:Galileo_G87173_204, M_DQS_N<1> (04:06:38 PM  Oct 17, 2025)
[info] Project:Galileo_G87173_204, Design:Galileo_G87173_204, SYZ solver completed with return code 0 (04:06:49 PM  Oct 17, 2025)
[info] Project:Galileo_G87173_204, Design:Galileo_G87173_204, Simulation "sweep_X80FST" completed on host AAPVHWVMVEUGTEC at Fri Oct 17 16:06:48 2025 (04:06:49 PM  Oct 17, 2025)
[info] Project:Galileo_G87173_204, Design:Galileo_G87173_204, Saved "C:/Users/mlin/AppData/Local/Temp/ens_temp_23684.pjt/Galileo_G87173_204.siw" (04:06:49 PM  Oct 17, 2025)
[info] Project:Galileo_G87173_204, Design:Galileo_G87173_204, Touchstone export: Writing to "D:/OneDrive - ANSYS, Inc/a-client-repositories/lmz-siwave-SI-2025-10-17/test/Galileo_G87173_204.aedtexport/Galileo_G87173_204/Siwave_SYZ_UTR0OS_ts_2025_10_17_下午_04_06_28/sweep_X80FST_DV3.s40p" (04:06:52 PM  Oct 17, 2025)
Stopping Batch Run: 4:07:01 PM  Oct 17, 2025
 
Ansys Electronics Desktop Version 2025.1.0, Build: 2024-11-30 15:03:33
Location: C:\Program Files\ANSYS Inc\v251\AnsysEM\ansysedt.exe
Non Graphical Mode: No Project??
Starting Batch Run: 4:11:59 PM  Oct 17, 2025
Running as user : ANSYS\mlin
Temp directory: C:\Users\mlin\AppData\Local\Temp
Project directory: D:\OneDrive - ANSYS, Inc\Documents\Ansoft
[info] GRPC server running on port: 62824.

[info] Project:Galileo_G87173_204, Design:Galileo_G87173_204, siwave_ng 2025 R1 (Built: Nov 30 2024 15:51:52) (04:12:20 PM  Oct 17, 2025)
[warning] Project:Galileo_G87173_204, Design:Galileo_G87173_204, ignoring differential net definition "DP_M_CLK0"; both + and - net names are empty.  (04:12:21 PM  Oct 17, 2025)
[warning] Project:Galileo_G87173_204, Design:Galileo_G87173_204, ignoring differential net definition "DP_PCIE0_RX0"; both + and - net names are empty.  (04:12:21 PM  Oct 17, 2025)
[warning] Project:Galileo_G87173_204, Design:Galileo_G87173_204, ignoring differential net definition "DP_PCIE0_TX0"; both + and - net names are empty.  (04:12:21 PM  Oct 17, 2025)
[warning] Project:Galileo_G87173_204, Design:Galileo_G87173_204, ignoring differential net definition "DP_REF1"; both + and - net names are empty.  (04:12:21 PM  Oct 17, 2025)
[warning] Project:Galileo_G87173_204, Design:Galileo_G87173_204, ignoring differential net definition "DP_REFCLK0"; both + and - net names are empty.  (04:12:21 PM  Oct 17, 2025)
[warning] Project:Galileo_G87173_204, Design:Galileo_G87173_204, ignoring differential net definition "DP_RMII_S0_RD"; both + and - net names are empty.  (04:12:21 PM  Oct 17, 2025)
[warning] Project:Galileo_G87173_204, Design:Galileo_G87173_204, ignoring differential net definition "DP_RMII_S0_TD"; both + and - net names are empty.  (04:12:21 PM  Oct 17, 2025)
[warning] Project:Galileo_G87173_204, Design:Galileo_G87173_204, ignoring differential net definition "DP_RSVD1"; both + and - net names are empty.  (04:12:21 PM  Oct 17, 2025)
[warning] Project:Galileo_G87173_204, Design:Galileo_G87173_204, ignoring differential net definition "DP_RSVD2"; both + and - net names are empty.  (04:12:21 PM  Oct 17, 2025)
[warning] Project:Galileo_G87173_204, Design:Galileo_G87173_204, ignoring differential net definition "DP_RSVD3"; both + and - net names are empty.  (04:12:21 PM  Oct 17, 2025)
[warning] Project:Galileo_G87173_204, Design:Galileo_G87173_204, ignoring differential net definition "DP_RSVD4"; both + and - net names are empty.  (04:12:21 PM  Oct 17, 2025)
[warning] Project:Galileo_G87173_204, Design:Galileo_G87173_204, ignoring differential net definition "DP_RSVD5"; both + and - net names are empty.  (04:12:21 PM  Oct 17, 2025)
[warning] Project:Galileo_G87173_204, Design:Galileo_G87173_204, ignoring differential net definition "DP_USBH0_D"; both + and - net names are empty.  (04:12:21 PM  Oct 17, 2025)
[warning] Project:Galileo_G87173_204, Design:Galileo_G87173_204, ignoring differential net definition "DP_USBH0_D_CH"; both + and - net names are empty.  (04:12:21 PM  Oct 17, 2025)
[warning] Project:Galileo_G87173_204, Design:Galileo_G87173_204, ignoring differential net definition "DP_USBH1_D"; both + and - net names are empty.  (04:12:21 PM  Oct 17, 2025)
[warning] Project:Galileo_G87173_204, Design:Galileo_G87173_204, ignoring differential net definition "DP_USBH2_D"; both + and - net names are empty.  (04:12:21 PM  Oct 17, 2025)
[warning] Project:Galileo_G87173_204, Design:Galileo_G87173_204, ignoring differential net definition "DP_USBH2_D_CH"; both + and - net names are empty.  (04:12:21 PM  Oct 17, 2025)
[info] Project:Galileo_G87173_204, Design:Galileo_G87173_204, Simulation "sweep_OZW5T8" started on host AAPVHWVMVEUGTEC at Fri Oct 17 16:12:22 2025 (04:12:22 PM  Oct 17, 2025)
[info] Project:Galileo_G87173_204, Design:Galileo_G87173_204, [Simulation Directory]: "C:/Users/mlin/AppData/Local/Temp/ens_temp_37276.pjt/" (04:12:22 PM  Oct 17, 2025)
[warning] Project:Galileo_G87173_204, Design:Galileo_G87173_204, Dielectric layer "UNNAMED_000" has a thickness of 0 mm and will be ignored (04:12:22 PM  Oct 17, 2025)
[warning] Project:Galileo_G87173_204, Design:Galileo_G87173_204, Dielectric layer "UNNAMED_012" has a thickness of 0 mm and will be ignored (04:12:22 PM  Oct 17, 2025)
[info] Project:Galileo_G87173_204, Design:Galileo_G87173_204, GND (04:12:22 PM  Oct 17, 2025)
[info] Project:Galileo_G87173_204, Design:Galileo_G87173_204, M_DQ<0> (04:12:22 PM  Oct 17, 2025)
[info] Project:Galileo_G87173_204, Design:Galileo_G87173_204, M_DQ<1> (04:12:22 PM  Oct 17, 2025)
[info] Project:Galileo_G87173_204, Design:Galileo_G87173_204, M_DQ<2> (04:12:22 PM  Oct 17, 2025)
[info] Project:Galileo_G87173_204, Design:Galileo_G87173_204, M_DQ<3> (04:12:22 PM  Oct 17, 2025)
[info] Project:Galileo_G87173_204, Design:Galileo_G87173_204, M_DQ<4> (04:12:22 PM  Oct 17, 2025)
[info] Project:Galileo_G87173_204, Design:Galileo_G87173_204, M_DQ<5> (04:12:22 PM  Oct 17, 2025)
[info] Project:Galileo_G87173_204, Design:Galileo_G87173_204, M_DQ<6> (04:12:22 PM  Oct 17, 2025)
[info] Project:Galileo_G87173_204, Design:Galileo_G87173_204, M_DQ<7> (04:12:22 PM  Oct 17, 2025)
[info] Project:Galileo_G87173_204, Design:Galileo_G87173_204, M_DQ<8> (04:12:22 PM  Oct 17, 2025)
[info] Project:Galileo_G87173_204, Design:Galileo_G87173_204, M_DQ<9> (04:12:22 PM  Oct 17, 2025)
[info] Project:Galileo_G87173_204, Design:Galileo_G87173_204, M_DQ<10> (04:12:22 PM  Oct 17, 2025)
[info] Project:Galileo_G87173_204, Design:Galileo_G87173_204, M_DQ<11> (04:12:22 PM  Oct 17, 2025)
[info] Project:Galileo_G87173_204, Design:Galileo_G87173_204, M_DQ<12> (04:12:22 PM  Oct 17, 2025)
[info] Project:Galileo_G87173_204, Design:Galileo_G87173_204, M_DQ<13> (04:12:22 PM  Oct 17, 2025)
[info] Project:Galileo_G87173_204, Design:Galileo_G87173_204, M_DQ<14> (04:12:22 PM  Oct 17, 2025)
[info] Project:Galileo_G87173_204, Design:Galileo_G87173_204, M_DQ<15> (04:12:22 PM  Oct 17, 2025)
[info] Project:Galileo_G87173_204, Design:Galileo_G87173_204, M_DQS<0> (04:12:22 PM  Oct 17, 2025)
[info] Project:Galileo_G87173_204, Design:Galileo_G87173_204, M_DQS<1> (04:12:22 PM  Oct 17, 2025)
[info] Project:Galileo_G87173_204, Design:Galileo_G87173_204, M_DQS_N<0> (04:12:22 PM  Oct 17, 2025)
[info] Project:Galileo_G87173_204, Design:Galileo_G87173_204, M_DQS_N<1> (04:12:22 PM  Oct 17, 2025)
[info] Project:Galileo_G87173_204, Design:Galileo_G87173_204, SYZ solver completed with return code 0 (04:12:32 PM  Oct 17, 2025)
[info] Project:Galileo_G87173_204, Design:Galileo_G87173_204, Simulation "sweep_OZW5T8" completed on host AAPVHWVMVEUGTEC at Fri Oct 17 16:12:31 2025 (04:12:32 PM  Oct 17, 2025)
[info] Project:Galileo_G87173_204, Design:Galileo_G87173_204, Saved "C:/Users/mlin/AppData/Local/Temp/ens_temp_37276.pjt/Galileo_G87173_204.siw" (04:12:32 PM  Oct 17, 2025)
[info] Project:Galileo_G87173_204, Design:Galileo_G87173_204, Touchstone export: Writing to "D:/OneDrive - ANSYS, Inc/a-client-repositories/lmz-siwave-SI-2025-10-17/test/Galileo_G87173_204.aedtexport/Galileo_G87173_204/Siwave_SYZ_UMT93M_ts_2025_10_17_下午_04_12_12/sweep_OZW5T8_DV3.s40p" (04:12:36 PM  Oct 17, 2025)
Stopping Batch Run: 4:12:45 PM  Oct 17, 2025
 
Ansys Electronics Desktop Version 2025.1.0, Build: 2024-11-30 15:03:33
Location: C:\Program Files\ANSYS Inc\v251\AnsysEM\ansysedt.exe
Non Graphical Mode: No Project??
Starting Batch Run: 4:16:16 PM  Oct 17, 2025
Running as user : ANSYS\mlin
Temp directory: C:\Users\mlin\AppData\Local\Temp
Project directory: D:\OneDrive - ANSYS, Inc\Documents\Ansoft
[info] GRPC server running on port: 56727.

[info] Project:Galileo_G87173_204, Design:Galileo_G87173_204, siwave_ng 2025 R1 (Built: Nov 30 2024 15:51:52) (04:16:36 PM  Oct 17, 2025)
[warning] Project:Galileo_G87173_204, Design:Galileo_G87173_204, ignoring differential net definition "DP_M_CLK0"; both + and - net names are empty.  (04:16:37 PM  Oct 17, 2025)
[warning] Project:Galileo_G87173_204, Design:Galileo_G87173_204, ignoring differential net definition "DP_PCIE0_RX0"; both + and - net names are empty.  (04:16:37 PM  Oct 17, 2025)
[warning] Project:Galileo_G87173_204, Design:Galileo_G87173_204, ignoring differential net definition "DP_PCIE0_TX0"; both + and - net names are empty.  (04:16:37 PM  Oct 17, 2025)
[warning] Project:Galileo_G87173_204, Design:Galileo_G87173_204, ignoring differential net definition "DP_REF1"; both + and - net names are empty.  (04:16:37 PM  Oct 17, 2025)
[warning] Project:Galileo_G87173_204, Design:Galileo_G87173_204, ignoring differential net definition "DP_REFCLK0"; both + and - net names are empty.  (04:16:37 PM  Oct 17, 2025)
[warning] Project:Galileo_G87173_204, Design:Galileo_G87173_204, ignoring differential net definition "DP_RMII_S0_RD"; both + and - net names are empty.  (04:16:37 PM  Oct 17, 2025)
[warning] Project:Galileo_G87173_204, Design:Galileo_G87173_204, ignoring differential net definition "DP_RMII_S0_TD"; both + and - net names are empty.  (04:16:37 PM  Oct 17, 2025)
[warning] Project:Galileo_G87173_204, Design:Galileo_G87173_204, ignoring differential net definition "DP_RSVD1"; both + and - net names are empty.  (04:16:37 PM  Oct 17, 2025)
[warning] Project:Galileo_G87173_204, Design:Galileo_G87173_204, ignoring differential net definition "DP_RSVD2"; both + and - net names are empty.  (04:16:37 PM  Oct 17, 2025)
[warning] Project:Galileo_G87173_204, Design:Galileo_G87173_204, ignoring differential net definition "DP_RSVD3"; both + and - net names are empty.  (04:16:37 PM  Oct 17, 2025)
[warning] Project:Galileo_G87173_204, Design:Galileo_G87173_204, ignoring differential net definition "DP_RSVD4"; both + and - net names are empty.  (04:16:37 PM  Oct 17, 2025)
[warning] Project:Galileo_G87173_204, Design:Galileo_G87173_204, ignoring differential net definition "DP_RSVD5"; both + and - net names are empty.  (04:16:37 PM  Oct 17, 2025)
[warning] Project:Galileo_G87173_204, Design:Galileo_G87173_204, ignoring differential net definition "DP_USBH0_D"; both + and - net names are empty.  (04:16:37 PM  Oct 17, 2025)
[warning] Project:Galileo_G87173_204, Design:Galileo_G87173_204, ignoring differential net definition "DP_USBH0_D_CH"; both + and - net names are empty.  (04:16:37 PM  Oct 17, 2025)
[warning] Project:Galileo_G87173_204, Design:Galileo_G87173_204, ignoring differential net definition "DP_USBH1_D"; both + and - net names are empty.  (04:16:37 PM  Oct 17, 2025)
[warning] Project:Galileo_G87173_204, Design:Galileo_G87173_204, ignoring differential net definition "DP_USBH2_D"; both + and - net names are empty.  (04:16:37 PM  Oct 17, 2025)
[warning] Project:Galileo_G87173_204, Design:Galileo_G87173_204, ignoring differential net definition "DP_USBH2_D_CH"; both + and - net names are empty.  (04:16:37 PM  Oct 17, 2025)
[info] Project:Galileo_G87173_204, Design:Galileo_G87173_204, Simulation "sweep_XSWI9P" started on host AAPVHWVMVEUGTEC at Fri Oct 17 16:16:37 2025 (04:16:37 PM  Oct 17, 2025)
[info] Project:Galileo_G87173_204, Design:Galileo_G87173_204, [Simulation Directory]: "C:/Users/mlin/AppData/Local/Temp/ens_temp_21220.pjt/" (04:16:37 PM  Oct 17, 2025)
[warning] Project:Galileo_G87173_204, Design:Galileo_G87173_204, Dielectric layer "UNNAMED_000" has a thickness of 0 mm and will be ignored (04:16:37 PM  Oct 17, 2025)
[warning] Project:Galileo_G87173_204, Design:Galileo_G87173_204, Dielectric layer "UNNAMED_012" has a thickness of 0 mm and will be ignored (04:16:37 PM  Oct 17, 2025)
[info] Project:Galileo_G87173_204, Design:Galileo_G87173_204, GND (04:16:37 PM  Oct 17, 2025)
[info] Project:Galileo_G87173_204, Design:Galileo_G87173_204, M_DQ<0> (04:16:37 PM  Oct 17, 2025)
[info] Project:Galileo_G87173_204, Design:Galileo_G87173_204, M_DQ<1> (04:16:37 PM  Oct 17, 2025)
[info] Project:Galileo_G87173_204, Design:Galileo_G87173_204, M_DQ<2> (04:16:37 PM  Oct 17, 2025)
[info] Project:Galileo_G87173_204, Design:Galileo_G87173_204, M_DQ<3> (04:16:37 PM  Oct 17, 2025)
[info] Project:Galileo_G87173_204, Design:Galileo_G87173_204, M_DQ<4> (04:16:37 PM  Oct 17, 2025)
[info] Project:Galileo_G87173_204, Design:Galileo_G87173_204, M_DQ<5> (04:16:37 PM  Oct 17, 2025)
[info] Project:Galileo_G87173_204, Design:Galileo_G87173_204, M_DQ<6> (04:16:37 PM  Oct 17, 2025)
[info] Project:Galileo_G87173_204, Design:Galileo_G87173_204, M_DQ<7> (04:16:37 PM  Oct 17, 2025)
[info] Project:Galileo_G87173_204, Design:Galileo_G87173_204, M_DQ<8> (04:16:37 PM  Oct 17, 2025)
[info] Project:Galileo_G87173_204, Design:Galileo_G87173_204, M_DQ<9> (04:16:37 PM  Oct 17, 2025)
[info] Project:Galileo_G87173_204, Design:Galileo_G87173_204, M_DQ<10> (04:16:37 PM  Oct 17, 2025)
[info] Project:Galileo_G87173_204, Design:Galileo_G87173_204, M_DQ<11> (04:16:37 PM  Oct 17, 2025)
[info] Project:Galileo_G87173_204, Design:Galileo_G87173_204, M_DQ<12> (04:16:37 PM  Oct 17, 2025)
[info] Project:Galileo_G87173_204, Design:Galileo_G87173_204, M_DQ<13> (04:16:37 PM  Oct 17, 2025)
[info] Project:Galileo_G87173_204, Design:Galileo_G87173_204, M_DQ<14> (04:16:37 PM  Oct 17, 2025)
[info] Project:Galileo_G87173_204, Design:Galileo_G87173_204, M_DQ<15> (04:16:37 PM  Oct 17, 2025)
[info] Project:Galileo_G87173_204, Design:Galileo_G87173_204, M_DQS<0> (04:16:37 PM  Oct 17, 2025)
[info] Project:Galileo_G87173_204, Design:Galileo_G87173_204, M_DQS<1> (04:16:37 PM  Oct 17, 2025)
[info] Project:Galileo_G87173_204, Design:Galileo_G87173_204, M_DQS_N<0> (04:16:37 PM  Oct 17, 2025)
[info] Project:Galileo_G87173_204, Design:Galileo_G87173_204, M_DQS_N<1> (04:16:37 PM  Oct 17, 2025)
[info] Project:Galileo_G87173_204, Design:Galileo_G87173_204, SYZ solver completed with return code 0 (04:16:48 PM  Oct 17, 2025)
[info] Project:Galileo_G87173_204, Design:Galileo_G87173_204, Simulation "sweep_XSWI9P" completed on host AAPVHWVMVEUGTEC at Fri Oct 17 16:16:47 2025 (04:16:48 PM  Oct 17, 2025)
[info] Project:Galileo_G87173_204, Design:Galileo_G87173_204, Saved "C:/Users/mlin/AppData/Local/Temp/ens_temp_21220.pjt/Galileo_G87173_204.siw" (04:16:48 PM  Oct 17, 2025)
[info] Project:Galileo_G87173_204, Design:Galileo_G87173_204, Touchstone export: Writing to "D:/OneDrive - ANSYS, Inc/a-client-repositories/lmz-siwave-SI-2025-10-17/test/Galileo_G87173_204.aedtexport/Galileo_G87173_204/Siwave_SYZ_Z75PF5_ts_2025_10_17_下午_04_16_26/sweep_XSWI9P_DV3.s40p" (04:16:52 PM  Oct 17, 2025)
Stopping Batch Run: 4:16:59 PM  Oct 17, 2025
 
Ansys Electronics Desktop Version 2025.1.0, Build: 2024-11-30 15:03:33
Location: C:\Program Files\ANSYS Inc\v251\AnsysEM\ansysedt.exe
Non Graphical Mode: No Project??
Starting Batch Run: 4:24:00 PM  Oct 17, 2025
Running as user : ANSYS\mlin
Temp directory: C:\Users\mlin\AppData\Local\Temp
Project directory: D:\OneDrive - ANSYS, Inc\Documents\Ansoft
[info] GRPC server running on port: 52748.

[info] Project:Galileo_G87173_204, Design:Galileo_G87173_204, siwave_ng 2025 R1 (Built: Nov 30 2024 15:51:52) (04:24:19 PM  Oct 17, 2025)
[warning] Project:Galileo_G87173_204, Design:Galileo_G87173_204, ignoring differential net definition "DP_M_CLK0"; both + and - net names are empty.  (04:24:20 PM  Oct 17, 2025)
[warning] Project:Galileo_G87173_204, Design:Galileo_G87173_204, ignoring differential net definition "DP_PCIE0_RX0"; both + and - net names are empty.  (04:24:20 PM  Oct 17, 2025)
[warning] Project:Galileo_G87173_204, Design:Galileo_G87173_204, ignoring differential net definition "DP_PCIE0_TX0"; both + and - net names are empty.  (04:24:20 PM  Oct 17, 2025)
[warning] Project:Galileo_G87173_204, Design:Galileo_G87173_204, ignoring differential net definition "DP_REF1"; both + and - net names are empty.  (04:24:20 PM  Oct 17, 2025)
[warning] Project:Galileo_G87173_204, Design:Galileo_G87173_204, ignoring differential net definition "DP_REFCLK0"; both + and - net names are empty.  (04:24:20 PM  Oct 17, 2025)
[warning] Project:Galileo_G87173_204, Design:Galileo_G87173_204, ignoring differential net definition "DP_RMII_S0_RD"; both + and - net names are empty.  (04:24:20 PM  Oct 17, 2025)
[warning] Project:Galileo_G87173_204, Design:Galileo_G87173_204, ignoring differential net definition "DP_RMII_S0_TD"; both + and - net names are empty.  (04:24:20 PM  Oct 17, 2025)
[warning] Project:Galileo_G87173_204, Design:Galileo_G87173_204, ignoring differential net definition "DP_RSVD1"; both + and - net names are empty.  (04:24:20 PM  Oct 17, 2025)
[warning] Project:Galileo_G87173_204, Design:Galileo_G87173_204, ignoring differential net definition "DP_RSVD2"; both + and - net names are empty.  (04:24:20 PM  Oct 17, 2025)
[warning] Project:Galileo_G87173_204, Design:Galileo_G87173_204, ignoring differential net definition "DP_RSVD3"; both + and - net names are empty.  (04:24:20 PM  Oct 17, 2025)
[warning] Project:Galileo_G87173_204, Design:Galileo_G87173_204, ignoring differential net definition "DP_RSVD4"; both + and - net names are empty.  (04:24:20 PM  Oct 17, 2025)
[warning] Project:Galileo_G87173_204, Design:Galileo_G87173_204, ignoring differential net definition "DP_RSVD5"; both + and - net names are empty.  (04:24:20 PM  Oct 17, 2025)
[warning] Project:Galileo_G87173_204, Design:Galileo_G87173_204, ignoring differential net definition "DP_USBH0_D"; both + and - net names are empty.  (04:24:20 PM  Oct 17, 2025)
[warning] Project:Galileo_G87173_204, Design:Galileo_G87173_204, ignoring differential net definition "DP_USBH0_D_CH"; both + and - net names are empty.  (04:24:20 PM  Oct 17, 2025)
[warning] Project:Galileo_G87173_204, Design:Galileo_G87173_204, ignoring differential net definition "DP_USBH1_D"; both + and - net names are empty.  (04:24:20 PM  Oct 17, 2025)
[warning] Project:Galileo_G87173_204, Design:Galileo_G87173_204, ignoring differential net definition "DP_USBH2_D"; both + and - net names are empty.  (04:24:20 PM  Oct 17, 2025)
[warning] Project:Galileo_G87173_204, Design:Galileo_G87173_204, ignoring differential net definition "DP_USBH2_D_CH"; both + and - net names are empty.  (04:24:20 PM  Oct 17, 2025)
[info] Project:Galileo_G87173_204, Design:Galileo_G87173_204, Simulation "sweep_WD9BY1" started on host AAPVHWVMVEUGTEC at Fri Oct 17 16:24:20 2025 (04:24:20 PM  Oct 17, 2025)
[info] Project:Galileo_G87173_204, Design:Galileo_G87173_204, [Simulation Directory]: "C:/Users/mlin/AppData/Local/Temp/ens_temp_36912.pjt/" (04:24:20 PM  Oct 17, 2025)
[warning] Project:Galileo_G87173_204, Design:Galileo_G87173_204, Dielectric layer "UNNAMED_000" has a thickness of 0 mm and will be ignored (04:24:20 PM  Oct 17, 2025)
[warning] Project:Galileo_G87173_204, Design:Galileo_G87173_204, Dielectric layer "UNNAMED_012" has a thickness of 0 mm and will be ignored (04:24:20 PM  Oct 17, 2025)
[info] Project:Galileo_G87173_204, Design:Galileo_G87173_204, GND (04:24:20 PM  Oct 17, 2025)
[info] Project:Galileo_G87173_204, Design:Galileo_G87173_204, M_DQ<0> (04:24:20 PM  Oct 17, 2025)
[info] Project:Galileo_G87173_204, Design:Galileo_G87173_204, M_DQ<1> (04:24:20 PM  Oct 17, 2025)
[info] Project:Galileo_G87173_204, Design:Galileo_G87173_204, M_DQ<2> (04:24:20 PM  Oct 17, 2025)
[info] Project:Galileo_G87173_204, Design:Galileo_G87173_204, M_DQ<3> (04:24:20 PM  Oct 17, 2025)
[info] Project:Galileo_G87173_204, Design:Galileo_G87173_204, M_DQ<4> (04:24:20 PM  Oct 17, 2025)
[info] Project:Galileo_G87173_204, Design:Galileo_G87173_204, M_DQ<5> (04:24:20 PM  Oct 17, 2025)
[info] Project:Galileo_G87173_204, Design:Galileo_G87173_204, M_DQ<6> (04:24:20 PM  Oct 17, 2025)
[info] Project:Galileo_G87173_204, Design:Galileo_G87173_204, M_DQ<7> (04:24:20 PM  Oct 17, 2025)
[info] Project:Galileo_G87173_204, Design:Galileo_G87173_204, M_DQ<8> (04:24:20 PM  Oct 17, 2025)
[info] Project:Galileo_G87173_204, Design:Galileo_G87173_204, M_DQ<9> (04:24:20 PM  Oct 17, 2025)
[info] Project:Galileo_G87173_204, Design:Galileo_G87173_204, M_DQ<10> (04:24:20 PM  Oct 17, 2025)
[info] Project:Galileo_G87173_204, Design:Galileo_G87173_204, M_DQ<11> (04:24:20 PM  Oct 17, 2025)
[info] Project:Galileo_G87173_204, Design:Galileo_G87173_204, M_DQ<12> (04:24:20 PM  Oct 17, 2025)
[info] Project:Galileo_G87173_204, Design:Galileo_G87173_204, M_DQ<13> (04:24:20 PM  Oct 17, 2025)
[info] Project:Galileo_G87173_204, Design:Galileo_G87173_204, M_DQ<14> (04:24:20 PM  Oct 17, 2025)
[info] Project:Galileo_G87173_204, Design:Galileo_G87173_204, M_DQ<15> (04:24:20 PM  Oct 17, 2025)
[info] Project:Galileo_G87173_204, Design:Galileo_G87173_204, M_DQS<0> (04:24:20 PM  Oct 17, 2025)
[info] Project:Galileo_G87173_204, Design:Galileo_G87173_204, M_DQS<1> (04:24:20 PM  Oct 17, 2025)
[info] Project:Galileo_G87173_204, Design:Galileo_G87173_204, M_DQS_N<0> (04:24:20 PM  Oct 17, 2025)
[info] Project:Galileo_G87173_204, Design:Galileo_G87173_204, M_DQS_N<1> (04:24:20 PM  Oct 17, 2025)
[info] Project:Galileo_G87173_204, Design:Galileo_G87173_204, SYZ solver completed with return code 0 (04:24:30 PM  Oct 17, 2025)
[info] Project:Galileo_G87173_204, Design:Galileo_G87173_204, Simulation "sweep_WD9BY1" completed on host AAPVHWVMVEUGTEC at Fri Oct 17 16:24:29 2025 (04:24:30 PM  Oct 17, 2025)
[info] Project:Galileo_G87173_204, Design:Galileo_G87173_204, Saved "C:/Users/mlin/AppData/Local/Temp/ens_temp_36912.pjt/Galileo_G87173_204.siw" (04:24:30 PM  Oct 17, 2025)
[info] Project:Galileo_G87173_204, Design:Galileo_G87173_204, Touchstone export: Writing to "D:/OneDrive - ANSYS, Inc/a-client-repositories/lmz-siwave-SI-2025-10-17/test/Galileo_G87173_204.aedtexport/Galileo_G87173_204/Siwave_SYZ_EIW061_ts_2025_10_17_下午_04_24_10/sweep_WD9BY1_DV3.s40p" (04:24:34 PM  Oct 17, 2025)
Stopping Batch Run: 4:24:44 PM  Oct 17, 2025
