2025-10-28 21:02:15,781 - INFO - Created session directory: D:\OneDrive - ANSYS, Inc\a-client-repositories\lmz-siwave-SI-2025-10-17\SI Automation Flow\temp\cct_20251028_210215
2025-10-28 21:02:15,791 - INFO - Initial project file created: D:\OneDrive - ANSYS, Inc\a-client-repositories\lmz-siwave-SI-2025-10-17\SI Automation Flow\temp\cct_20251028_210215\project.json
2025-10-28 21:02:15,791 - INFO - Opening layout: D:\OneDrive - ANSYS, Inc\a-client-repositories\lmz-siwave-SI-2025-10-17\SI Automation Flow\temp\cct_20251028_210215\Galileo_G87173_204.aedb
2025-10-28 21:02:15,791 - INFO - [Importing layout into EDB] Importing layout into EDB (attempt 1)
2025-10-28 21:02:18,278 - INFO - [Importing layout into EDB] Processing design: D:\OneDrive - ANSYS, Inc\a-client-repositories\lmz-siwave-SI-2025-10-17\SI Automation Flow\temp\cct_20251028_210215\Galileo_G87173_204.aedb
2025-10-28 21:02:18,280 - INFO - [Importing layout into EDB] Using EDB version: 2024.1
2025-10-28 21:02:18,280 - INFO - [Importing layout into EDB] PyEDB INFO: Star initializing Edb 21:02:18.278426
2025-10-28 21:02:18,280 - INFO - [Importing layout into EDB] PyEDB INFO: Edb version 2024.1
2025-10-28 21:02:18,282 - INFO - [Importing layout into EDB] PyEDB INFO: Logger is initialized. Log file is saved to C:\Users\mlin\AppData\Local\Temp\pyedb_mlin.log.
2025-10-28 21:02:18,282 - INFO - [Importing layout into EDB] PyEDB INFO: legacy v0.60.0
2025-10-28 21:02:18,282 - INFO - [Importing layout into EDB] PyEDB INFO: Python version 3.10.16 (remotes/origin/14d18b8e2626165312e076b70cf60f0faa8db8d5-dirty:14d18b8e, May 20 2) [MSC v.1942 64 bit (AMD64)]
2025-10-28 21:02:20,385 - INFO - [Importing layout into EDB] PyEDB INFO: Database Galileo_G87173_204.aedb Opened in 2024.1
2025-10-28 21:02:20,391 - INFO - [Importing layout into EDB] PyEDB INFO: Cell Galileo_G87173_204 Opened
2025-10-28 21:02:20,438 - INFO - [Importing layout into EDB] PyEDB INFO: Builder was initialized.
2025-10-28 21:02:20,438 - INFO - [Importing layout into EDB] PyEDB INFO: open_edb completed in 2.1407 seconds.
2025-10-28 21:02:20,438 - INFO - [Importing layout into EDB] PyEDB INFO: EDB initialization completed in 2.1606 seconds.
2025-10-28 21:02:20,761 - INFO - [Importing layout into EDB] PyEDB INFO: Close Edb file completed in 0.0360 seconds.
2025-10-28 21:02:20,763 - INFO - [Importing layout into EDB] Successfully processed EDB and updated D:\OneDrive - ANSYS, Inc\a-client-repositories\lmz-siwave-SI-2025-10-17\SI Automation Flow\temp\cct_20251028_210215\project.json
2025-10-28 21:02:23,429 - INFO - Get EDB process finished.
2025-10-28 21:02:23,441 - INFO - Imported stackup path loaded: D:\OneDrive - ANSYS, Inc\a-client-repositories\lmz-siwave-SI-2025-10-17\SI Automation Flow\temp\cct_20251028_210215\Galileo_G87173_204.xml
2025-10-28 21:02:23,442 - INFO - Successfully updated PCB data in project.json
